\BOOKMARK [1][-]{section.1}{1 Motivation}{}% 1
\BOOKMARK [2][-]{subsection.1.1}{1.1 Ausgangssituation}{section.1}% 2
\BOOKMARK [2][-]{subsection.1.2}{1.2 L\366sungsidee}{section.1}% 3
\BOOKMARK [1][-]{section.2}{2 Anforderungsliste}{}% 4
\BOOKMARK [2][-]{subsection.2.1}{2.1 Muss-Anforderungen}{section.2}% 5
\BOOKMARK [2][-]{subsection.2.2}{2.2 Soll-Anforderung}{section.2}% 6
\BOOKMARK [2][-]{subsection.2.3}{2.3 Wunsch-Anforderung}{section.2}% 7
\BOOKMARK [1][-]{section.3}{3 Projektumgebung}{}% 8
\BOOKMARK [2][-]{subsection.3.1}{3.1 Entwicklungsprozess }{section.3}% 9
\BOOKMARK [2][-]{subsection.3.2}{3.2 Ablauf}{section.3}% 10
\BOOKMARK [2][-]{subsection.3.3}{3.3 Programmiersprache}{section.3}% 11
\BOOKMARK [2][-]{subsection.3.4}{3.4 Verwaltungssystem}{section.3}% 12
\BOOKMARK [1][-]{section.4}{4 Projekt Planung}{}% 13
\BOOKMARK [2][-]{subsection.4.1}{4.1 Zeitplan}{section.4}% 14
\BOOKMARK [2][-]{subsection.4.2}{4.2 Product Backlog}{section.4}% 15
\BOOKMARK [2][-]{subsection.4.3}{4.3 Sprints}{section.4}% 16
\BOOKMARK [2][-]{subsection.4.4}{4.4 Sprint Stand-up Meetings}{section.4}% 17
\BOOKMARK [2][-]{subsection.4.5}{4.5 Sprint Review}{section.4}% 18
\BOOKMARK [1][-]{section.5}{5 Ablauf der Entwicklung}{}% 19
\BOOKMARK [2][-]{subsection.5.1}{5.1 Modellierung}{section.5}% 20
\BOOKMARK [3][-]{subsubsection.5.1.1}{5.1.1 Klassendiagramm}{subsection.5.1}% 21
\BOOKMARK [3][-]{subsubsection.5.1.2}{5.1.2 Aktivit\344ts-Diagramm}{subsection.5.1}% 22
\BOOKMARK [3][-]{subsubsection.5.1.3}{5.1.3 Sequenzdiagramm}{subsection.5.1}% 23
\BOOKMARK [2][-]{subsection.5.2}{5.2 GUI}{section.5}% 24
\BOOKMARK [3][-]{subsubsection.5.2.1}{5.2.1 Hauptfenster}{subsection.5.2}% 25
\BOOKMARK [3][-]{subsubsection.5.2.2}{5.2.2 Aufrufbare Fenster}{subsection.5.2}% 26
\BOOKMARK [2][-]{subsection.5.3}{5.3 Database Handling}{section.5}% 27
\BOOKMARK [2][-]{subsection.5.4}{5.4 Backup Management}{section.5}% 28
\BOOKMARK [2][-]{subsection.5.5}{5.5 Stunden Journal}{section.5}% 29
\BOOKMARK [1][-]{section.6}{6 Testen}{}% 30
\BOOKMARK [1][-]{section.7}{7 Ziel}{}% 31
\BOOKMARK [2][-]{subsection.7.1}{7.1 Resultat}{section.7}% 32
\BOOKMARK [2][-]{subsection.7.2}{7.2 Gelerntes}{section.7}% 33
\BOOKMARK [1][-]{section.8}{8 Selbstst\344ndigkeitserkl\344rung}{}% 34
